<?xml version="1.0" encoding="UTF-8"?>
<!-- Generated by org.testng.reporters.JUnitReportReporter -->
<testsuite hostname="pshastri-MOBL" failures="0" tests="1" name="application.reflektion.ApiAutomationTest" time="3.143" errors="0" timestamp="28 Jul 2019 15:40:29 GMT" skipped="0">
  <testcase classname="application.reflektion.ApiAutomationTest" name="invalidRequestTest" time="3.143"/>
</testsuite> <!-- application.reflektion.ApiAutomationTest -->
