<?xml version="1.0" encoding="UTF-8"?>
<!-- Generated by org.testng.reporters.JUnitReportReporter -->
<testsuite hostname="pshastri-MOBL" failures="0" tests="1" name="application.reflektion.AppTest" time="6.512" errors="0" timestamp="25 Jul 2019 18:47:31 GMT" skipped="0">
  <testcase classname="application.reflektion.AppTest" name="testGet" time="6.512"/>
</testsuite> <!-- application.reflektion.AppTest -->
